<?xml version="1.0" encoding="UTF-8"?>
<!-- Generated by org.testng.reporters.JUnitReportReporter -->
<testsuite skipped="0" hostname="DESKTOP-51HLA7U" name="com.actitime.tests.demo" tests="1" failures="0" timestamp="14 Oct 2019 05:45:57 GMT" time="0.054" errors="0">
  <testcase name="run" time="0.054" classname="com.actitime.tests.demo"/>
</testsuite> <!-- com.actitime.tests.demo -->
