<?xml version="1.0" encoding="UTF-8"?>
<!-- Generated by org.testng.reporters.JUnitReportReporter -->
<testsuite skipped="0" hostname="DESKTOP-51HLA7U" name="com.actitime.tests.errormsgtest" tests="1" failures="0" timestamp="09 Oct 2019 12:19:12 GMT" time="60.712" errors="0">
  <testcase name="testerrmsg" time="60.712" classname="com.actitime.tests.errormsgtest"/>
</testsuite> <!-- com.actitime.tests.errormsgtest -->
