<?xml version="1.0" encoding="UTF-8"?>
<!-- Generated by org.testng.reporters.JUnitReportReporter -->
<testsuite skipped="0" hostname="DESKTOP-51HLA7U" name="com.actitime.tests.errormessagestest" tests="1" failures="0" timestamp="09 Oct 2019 13:34:11 GMT" time="53.741" errors="0">
  <testcase name="testerrormessages" time="53.741" classname="com.actitime.tests.errormessagestest"/>
</testsuite> <!-- com.actitime.tests.errormessagestest -->
